<?xml version="1.0" encoding="UTF-8"?>
<testng-results ignored="0" total="1" passed="1" failed="0" skipped="0">
  <reporter-output>
  </reporter-output>
  <suite started-at="2020-10-08T17:48:43 IST" name="Default suite" finished-at="2020-10-08T17:49:03 IST" duration-ms="20065">
    <groups>
    </groups>
    <test started-at="2020-10-08T17:48:43 IST" name="Default test" finished-at="2020-10-08T17:49:03 IST" duration-ms="20065">
      <class name="com.selenium.basic.firstSeleniumTest">
        <test-method is-config="true" signature="OpenBrowser()[pri:0, instance:com.selenium.basic.firstSeleniumTest@482bce4f]" started-at="2020-10-08T17:48:43 IST" name="OpenBrowser" finished-at="2020-10-08T17:48:49 IST" duration-ms="6490" status="PASS">
          <reporter-output>
          </reporter-output>
        </test-method> <!-- OpenBrowser -->
        <test-method signature="test1()[pri:0, instance:com.selenium.basic.firstSeleniumTest@482bce4f]" started-at="2020-10-08T17:48:49 IST" name="test1" finished-at="2020-10-08T17:49:02 IST" duration-ms="12440" status="PASS">
          <reporter-output>
          </reporter-output>
        </test-method> <!-- test1 -->
        <test-method is-config="true" signature="quitBrowser()[pri:0, instance:com.selenium.basic.firstSeleniumTest@482bce4f]" started-at="2020-10-08T17:49:02 IST" name="quitBrowser" finished-at="2020-10-08T17:49:03 IST" duration-ms="1112" status="PASS">
          <reporter-output>
          </reporter-output>
        </test-method> <!-- quitBrowser -->
      </class> <!-- com.selenium.basic.firstSeleniumTest -->
    </test> <!-- Default test -->
  </suite> <!-- Default suite -->
</testng-results>
